#
# There is insufficient memory for the Java Runtime Environment to continue.
# Native memory allocation (malloc) failed to allocate 1983760 bytes for Chunk::new
# Possible reasons:
#   The system is out of physical RAM or swap space
#   The process is running with CompressedOops enabled, and the Java Heap may be blocking the growth of the native heap
# Possible solutions:
#   Reduce memory load on the system
#   Increase physical memory or swap space
#   Check if swap backing store is full
#   Decrease Java heap size (-Xmx/-Xms)
#   Decrease number of Java threads
#   Decrease Java thread stack sizes (-Xss)
#   Set larger code cache with -XX:ReservedCodeCacheSize=
#   JVM is running with Unscaled Compressed Oops mode in which the Java heap is
#     placed in the first 4GB address space. The Java Heap base address is the
#     maximum limit for the native heap growth. Please use -XX:HeapBaseMinAddress
#     to set the Java Heap base and to place the Java Heap above 4GB virtual address.
# This output file may be truncated or incomplete.
#
#  Out of Memory Error (allocation.cpp:389), pid=25892, tid=0x0000000000000e08
#
# JRE version: OpenJDK Runtime Environment (8.0_242-b01) (build 1.8.0_242-release-1644-b01)
# Java VM: OpenJDK 64-Bit Server VM (25.242-b01 mixed mode windows-amd64 compressed oops)
# Failed to write core dump. Minidumps are not enabled by default on client versions of Windows
#

---------------  T H R E A D  ---------------

Current thread (0x000000001631d800):  JavaThread "C2 CompilerThread0" daemon [_thread_in_native, id=3592, stack(0x0000000017950000,0x0000000017a50000)]

Stack: [0x0000000017950000,0x0000000017a50000]
[error occurred during error reporting (printing stack bounds), id 0xc0000005]

Native frames: (J=compiled Java code, j=interpreted, Vv=VM code, C=native code)


Current CompileTask:
C2:  10440 1435       4       java.net.URLClassLoader$1::run (5 bytes)


---------------  P R O C E S S  ---------------

Java Threads: ( => current thread )
  0x000000001929f800 JavaThread "Cache worker for journal cache (C:\Users\avpc\.gradle\caches\journal-1)" [_thread_blocked, id=25632, stack(0x000000001be70000,0x000000001bf70000)]
  0x00000000192a1800 JavaThread "File lock request listener" [_thread_in_native, id=24484, stack(0x000000001bd70000,0x000000001be70000)]
  0x000000001929d000 JavaThread "Cache worker for file hash cache (C:\Users\avpc\.gradle\caches\5.6.2\fileHashes)" [_thread_blocked, id=21624, stack(0x000000001bc70000,0x000000001bd70000)]
  0x000000001871b000 JavaThread "Thread-9" [_thread_blocked, id=23492, stack(0x000000001bb70000,0x000000001bc70000)]
  0x0000000018719800 JavaThread "Stdin handler" [_thread_blocked, id=25584, stack(0x000000001ba70000,0x000000001bb70000)]
  0x0000000018718800 JavaThread "Asynchronous log dispatcher for DefaultDaemonConnection: socket connection from /127.0.0.1:55330 to /127.0.0.1:55331" [_thread_blocked, id=18624, stack(0x000000001b970000,0x000000001ba70000)]
  0x0000000018710800 JavaThread "Daemon worker" [_thread_in_native, id=27580, stack(0x000000001b870000,0x000000001b970000)]
  0x0000000018706800 JavaThread "Cancel handler" [_thread_blocked, id=11676, stack(0x000000001b770000,0x000000001b870000)]
  0x00000000187f2000 JavaThread "Handler for socket connection from /127.0.0.1:55330 to /127.0.0.1:55331" [_thread_in_native, id=11076, stack(0x000000001b470000,0x000000001b570000)]
  0x00000000187f1000 JavaThread "Daemon" [_thread_blocked, id=17400, stack(0x000000001b370000,0x000000001b470000)]
  0x000000001908b000 JavaThread "Daemon periodic checks" [_thread_blocked, id=5992, stack(0x000000001b270000,0x000000001b370000)]
  0x0000000019c29800 JavaThread "Incoming local TCP Connector on port 55330" [_thread_in_native, id=19896, stack(0x000000001b030000,0x000000001b130000)]
  0x0000000019bb3000 JavaThread "Daemon health stats" [_thread_in_vm, id=13580, stack(0x000000001a9f0000,0x000000001aaf0000)]
  0x000000001636e800 JavaThread "Service Thread" daemon [_thread_blocked, id=22232, stack(0x0000000018050000,0x0000000018150000)]
  0x0000000016325800 JavaThread "C1 CompilerThread2" daemon [_thread_blocked, id=23960, stack(0x0000000017b50000,0x0000000017c50000)]
  0x0000000016320000 JavaThread "C2 CompilerThread1" daemon [_thread_in_native, id=9076, stack(0x0000000017a50000,0x0000000017b50000)]
=>0x000000001631d800 JavaThread "C2 CompilerThread0" daemon [_thread_in_native, id=3592, stack(0x0000000017950000,0x0000000017a50000)]
  0x000000001631a800 JavaThread "Attach Listener" daemon [_thread_blocked, id=7864, stack(0x0000000017850000,0x0000000017950000)]
  0x0000000016318800 JavaThread "Signal Dispatcher" daemon [_thread_blocked, id=27612, stack(0x0000000017750000,0x0000000017850000)]
  0x0000000002997000 JavaThread "Finalizer" daemon [_thread_blocked, id=27076, stack(0x0000000017560000,0x0000000017660000)]
  0x00000000162f9800 JavaThread "Reference Handler" daemon [_thread_blocked, id=11292, stack(0x0000000017460000,0x0000000017560000)]
  0x00000000028a3800 JavaThread "main" [_thread_blocked, id=19012, stack(0x0000000002710000,0x0000000002810000)]

Other Threads:
  0x00000000162d7800 VMThread [stack: 0x0000000017360000,0x0000000017460000] [id=23028]
  0x0000000017c7e800 WatcherThread [stack: 0x0000000018150000,0x0000000018250000] [id=20368]

VM state:not at safepoint (normal execution)

VM Mutex/Monitor currently owned by a thread: None

heap address: 0x00000000a0000000, size: 1536 MB, Compressed Oops mode: 32-bit
Narrow klass base: 0x0000000000000000, Narrow klass shift: 3
Compressed class space size: 1073741824 Address: 0x0000000100000000

Heap:
 PSYoungGen      total 57344K, used 51007K [0x00000000e0000000, 0x00000000e4000000, 0x0000000100000000)
  eden space 49152K, 90% used [0x00000000e0000000,0x00000000e2b86800,0x00000000e3000000)
  from space 8192K, 78% used [0x00000000e3800000,0x00000000e3e49590,0x00000000e4000000)
  to   space 8192K, 0% used [0x00000000e3000000,0x00000000e3000000,0x00000000e3800000)
 ParOldGen       total 131072K, used 24K [0x00000000a0000000, 0x00000000a8000000, 0x00000000e0000000)
  object space 131072K, 0% used [0x00000000a0000000,0x00000000a0006000,0x00000000a8000000)
 Metaspace       used 15179K, capacity 15558K, committed 15872K, reserved 1062912K
  class space    used 2137K, capacity 2277K, committed 2304K, reserved 1048576K

Card table byte_map: [0x0000000011d60000,0x0000000012070000] byte_map_base: 0x0000000011860000

Marking Bits: (ParMarkBitMap*) 0x0000000064b3f030
 Begin Bits: [0x0000000012670000, 0x0000000013e70000)
 End Bits:   [0x0000000013e70000, 0x0000000015670000)

Polling page: 0x0000000000e80000

CodeCache: size=245760Kb used=5187Kb max_used=5197Kb free=240572Kb
 bounds [0x00000000029a0000, 0x0000000002ec0000, 0x00000000119a0000]
 total_blobs=1828 nmethods=1440 adapters=301
 compilation: enabled

Compilation events (10 events):
Event: 10.358 Thread 0x0000000016325800 1463       3       java.util.concurrent.locks.LockSupport::parkNanos (29 bytes)
Event: 10.359 Thread 0x0000000016325800 nmethod 1463 0x0000000002aa1c90 code [0x0000000002aa1e00, 0x0000000002aa2188]
Event: 10.380 Thread 0x0000000016325800 1464       3       java.util.concurrent.locks.AbstractQueuedSynchronizer$ConditionObject::checkInterruptWhileWaiting (27 bytes)
Event: 10.381 Thread 0x0000000016325800 nmethod 1464 0x0000000002ab0490 code [0x0000000002ab0660, 0x0000000002ab0cb8]
Event: 10.381 Thread 0x0000000016325800 1465       3       java.util.concurrent.locks.AbstractQueuedSynchronizer$ConditionObject::addConditionWaiter (64 bytes)
Event: 10.382 Thread 0x0000000016325800 nmethod 1465 0x0000000002aacc90 code [0x0000000002aace20, 0x0000000002aad248]
Event: 10.382 Thread 0x0000000016325800 1466   !   3       java.util.concurrent.locks.AbstractQueuedSynchronizer::fullyRelease (54 bytes)
Event: 10.382 Thread 0x0000000016325800 nmethod 1466 0x0000000002adcf10 code [0x0000000002add0c0, 0x0000000002add6a8]
Event: 10.434 Thread 0x0000000016325800 1467       3       java.util.concurrent.locks.ReentrantLock::lockInterruptibly (9 bytes)
Event: 10.434 Thread 0x0000000016325800 nmethod 1467 0x0000000002adc610 code [0x0000000002adc7c0, 0x0000000002adccd8]

GC Heap History (4 events):
Event: 3.120 GC heap before
{Heap before GC invocations=1 (full 0):
 PSYoungGen      total 57344K, used 49152K [0x00000000e0000000, 0x00000000e4000000, 0x0000000100000000)
  eden space 49152K, 100% used [0x00000000e0000000,0x00000000e3000000,0x00000000e3000000)
  from space 8192K, 0% used [0x00000000e3800000,0x00000000e3800000,0x00000000e4000000)
  to   space 8192K, 0% used [0x00000000e3000000,0x00000000e3000000,0x00000000e3800000)
 ParOldGen       total 131072K, used 0K [0x00000000a0000000, 0x00000000a8000000, 0x00000000e0000000)
  object space 131072K, 0% used [0x00000000a0000000,0x00000000a0000000,0x00000000a8000000)
 Metaspace       used 6847K, capacity 7056K, committed 7424K, reserved 1056768K
  class space    used 828K, capacity 908K, committed 1024K, reserved 1048576K
Event: 3.139 GC heap after
Heap after GC invocations=1 (full 0):
 PSYoungGen      total 57344K, used 4472K [0x00000000e0000000, 0x00000000e4000000, 0x0000000100000000)
  eden space 49152K, 0% used [0x00000000e0000000,0x00000000e0000000,0x00000000e3000000)
  from space 8192K, 54% used [0x00000000e3000000,0x00000000e345e300,0x00000000e3800000)
  to   space 8192K, 0% used [0x00000000e3800000,0x00000000e3800000,0x00000000e4000000)
 ParOldGen       total 131072K, used 8K [0x00000000a0000000, 0x00000000a8000000, 0x00000000e0000000)
  object space 131072K, 0% used [0x00000000a0000000,0x00000000a0002000,0x00000000a8000000)
 Metaspace       used 6847K, capacity 7056K, committed 7424K, reserved 1056768K
  class space    used 828K, capacity 908K, committed 1024K, reserved 1048576K
}
Event: 7.200 GC heap before
{Heap before GC invocations=2 (full 0):
 PSYoungGen      total 57344K, used 53624K [0x00000000e0000000, 0x00000000e4000000, 0x0000000100000000)
  eden space 49152K, 100% used [0x00000000e0000000,0x00000000e3000000,0x00000000e3000000)
  from space 8192K, 54% used [0x00000000e3000000,0x00000000e345e300,0x00000000e3800000)
  to   space 8192K, 0% used [0x00000000e3800000,0x00000000e3800000,0x00000000e4000000)
 ParOldGen       total 131072K, used 8K [0x00000000a0000000, 0x00000000a8000000, 0x00000000e0000000)
  object space 131072K, 0% used [0x00000000a0000000,0x00000000a0002000,0x00000000a8000000)
 Metaspace       used 11749K, capacity 12058K, committed 12160K, reserved 1060864K
  class space    used 1559K, capacity 1657K, committed 1664K, reserved 1048576K
Event: 7.240 GC heap after
Heap after GC invocations=2 (full 0):
 PSYoungGen      total 57344K, used 6437K [0x00000000e0000000, 0x00000000e4000000, 0x0000000100000000)
  eden space 49152K, 0% used [0x00000000e0000000,0x00000000e0000000,0x00000000e3000000)
  from space 8192K, 78% used [0x00000000e3800000,0x00000000e3e49590,0x00000000e4000000)
  to   space 8192K, 0% used [0x00000000e3000000,0x00000000e3000000,0x00000000e3800000)
 ParOldGen       total 131072K, used 24K [0x00000000a0000000, 0x00000000a8000000, 0x00000000e0000000)
  object space 131072K, 0% used [0x00000000a0000000,0x00000000a0006000,0x00000000a8000000)
 Metaspace       used 11749K, capacity 12058K, committed 12160K, reserved 1060864K
  class space    used 1559K, capacity 1657K, committed 1664K, reserved 1048576K
}

Deoptimization events (10 events):
Event: 4.663 Thread 0x00000000028a3800 Uncommon trap: reason=bimorphic action=maybe_recompile pc=0x0000000002c2e12c method=java.util.HashMap.putVal(ILjava/lang/Object;Ljava/lang/Object;ZZ)Ljava/lang/Object; @ 203
Event: 5.652 Thread 0x00000000028a3800 Uncommon trap: reason=unstable_if action=reinterpret pc=0x0000000002c3e110 method=java.io.WinNTFileSystem.normalize(Ljava/lang/String;)Ljava/lang/String; @ 128
Event: 7.033 Thread 0x0000000018710800 Uncommon trap: reason=bimorphic action=maybe_recompile pc=0x0000000002c2ce4c method=java.util.HashMap.putVal(ILjava/lang/Object;Ljava/lang/Object;ZZ)Ljava/lang/Object; @ 253
Event: 7.033 Thread 0x0000000018710800 Uncommon trap: reason=bimorphic action=maybe_recompile pc=0x0000000002c2ce4c method=java.util.HashMap.putVal(ILjava/lang/Object;Ljava/lang/Object;ZZ)Ljava/lang/Object; @ 253
Event: 7.033 Thread 0x0000000018710800 Uncommon trap: reason=bimorphic action=maybe_recompile pc=0x0000000002c2ce4c method=java.util.HashMap.putVal(ILjava/lang/Object;Ljava/lang/Object;ZZ)Ljava/lang/Object; @ 253
Event: 8.364 Thread 0x0000000018710800 Uncommon trap: reason=class_check action=maybe_recompile pc=0x0000000002c88e44 method=java.util.regex.Matcher.match(II)Z @ 86
Event: 8.414 Thread 0x0000000018710800 Uncommon trap: reason=class_check action=maybe_recompile pc=0x0000000002c88e44 method=java.util.regex.Matcher.match(II)Z @ 86
Event: 8.415 Thread 0x0000000018710800 Uncommon trap: reason=class_check action=maybe_recompile pc=0x0000000002c88e44 method=java.util.regex.Matcher.match(II)Z @ 86
Event: 8.415 Thread 0x0000000018710800 Uncommon trap: reason=class_check action=maybe_recompile pc=0x0000000002b06a5c method=java.util.regex.Matcher.match(II)Z @ 86
Event: 10.325 Thread 0x0000000018710800 Uncommon trap: reason=unstable_if action=reinterpret pc=0x0000000002e263b4 method=java.lang.String.lastIndexOf([CII[CIII)I @ 66

Classes redefined (0 events):
No events

Internal exceptions (10 events):
Event: 1.850 Thread 0x00000000028a3800 Exception <a 'java/lang/ArrayIndexOutOfBoundsException'> (0x00000000e137e928) thrown at [C:\src\AOSP-openjdk-git\hotspot\src\share\vm\runtime\sharedRuntime.cpp, line 605]
Event: 1.851 Thread 0x00000000028a3800 Exception <a 'java/lang/ArrayIndexOutOfBoundsException'> (0x00000000e1391bf0) thrown at [C:\src\AOSP-openjdk-git\hotspot\src\share\vm\runtime\sharedRuntime.cpp, line 605]
Event: 1.852 Thread 0x00000000028a3800 Exception <a 'java/lang/ArrayIndexOutOfBoundsException'> (0x00000000e1393cb8) thrown at [C:\src\AOSP-openjdk-git\hotspot\src\share\vm\runtime\sharedRuntime.cpp, line 605]
Event: 1.852 Thread 0x00000000028a3800 Exception <a 'java/lang/ArrayIndexOutOfBoundsException'> (0x00000000e13a0318) thrown at [C:\src\AOSP-openjdk-git\hotspot\src\share\vm\runtime\sharedRuntime.cpp, line 605]
Event: 4.493 Thread 0x00000000028a3800 Exception <a 'java/lang/NoSuchFieldError': method resolution failed> (0x00000000e21bce08) thrown at [C:\src\AOSP-openjdk-git\hotspot\src\share\vm\prims\methodHandles.cpp, line 1167]
Event: 4.497 Thread 0x00000000028a3800 Exception <a 'java/lang/NoSuchFieldError': method resolution failed> (0x00000000e21cab18) thrown at [C:\src\AOSP-openjdk-git\hotspot\src\share\vm\prims\methodHandles.cpp, line 1167]
Event: 6.804 Thread 0x00000000028a3800 Exception <a 'java/io/IOException'> (0x00000000e29b46b8) thrown at [C:\src\AOSP-openjdk-git\hotspot\src\share\vm\prims\jni.cpp, line 710]
Event: 9.951 Thread 0x0000000018710800 Exception <a 'java/lang/NoSuchMethodError': java.lang.Object.lambda$and$0(Ljava/util/function/Predicate;Ljava/lang/Object;)Z> (0x00000000e2914d98) thrown at [C:\src\AOSP-openjdk-git\hotspot\src\share\vm\interpreter\linkResolver.cpp, line 620]
Event: 9.976 Thread 0x0000000018710800 Exception <a 'java/lang/IncompatibleClassChangeError': Found class java.lang.Object, but interface was expected> (0x00000000e292b120) thrown at [C:\src\AOSP-openjdk-git\hotspot\src\share\vm\interpreter\linkResolver.cpp, line 653]
Event: 9.984 Thread 0x0000000018710800 Exception <a 'java/lang/NoSuchMethodError': java.lang.Object.lambda$or$2(Ljava/util/function/Predicate;Ljava/lang/Object;)Z> (0x00000000e29300a8) thrown at [C:\src\AOSP-openjdk-git\hotspot\src\share\vm\interpreter\linkResolver.cpp, line 620]

Events (10 events):
Event: 10.335 loading class com/google/common/io/Closer
Event: 10.335 loading class com/google/common/io/Closer done
Event: 10.335 loading class com/google/common/io/Closer$Suppressor
Event: 10.335 loading class com/google/common/io/Closer$Suppressor done
Event: 10.337 loading class com/google/common/io/Closer$SuppressingSuppressor
Event: 10.337 loading class com/google/common/io/Closer$SuppressingSuppressor done
Event: 10.338 loading class java/io/PrintWriter
Event: 10.339 loading class java/io/PrintWriter done
Event: 10.341 loading class com/google/common/io/CharStreams
Event: 10.341 loading class com/google/common/io/CharStreams done


Dynamic libraries:
0x00007ff744290000 - 0x00007ff7442c1000 	C:\Program Files\Android\Android Studio\jre\bin\java.exe
0x00007ffda5550000 - 0x00007ffda5731000 	C:\WINDOWS\SYSTEM32\ntdll.dll
0x00007ffda48f0000 - 0x00007ffda49a2000 	C:\WINDOWS\System32\KERNEL32.DLL
0x00007ffda2550000 - 0x00007ffda27c3000 	C:\WINDOWS\System32\KERNELBASE.dll
0x00007ffda2bb0000 - 0x00007ffda2c51000 	C:\WINDOWS\System32\ADVAPI32.dll
0x00007ffda45d0000 - 0x00007ffda466e000 	C:\WINDOWS\System32\msvcrt.dll
0x00007ffda2ee0000 - 0x00007ffda2f3b000 	C:\WINDOWS\System32\sechost.dll
0x00007ffda2a70000 - 0x00007ffda2b94000 	C:\WINDOWS\System32\RPCRT4.dll
0x00007ffda5360000 - 0x00007ffda54f0000 	C:\WINDOWS\System32\USER32.dll
0x00007ffda2340000 - 0x00007ffda2360000 	C:\WINDOWS\System32\win32u.dll
0x00007ffda5330000 - 0x00007ffda5358000 	C:\WINDOWS\System32\GDI32.dll
0x00007ffda2120000 - 0x00007ffda22b2000 	C:\WINDOWS\System32\gdi32full.dll
0x00007ffda1920000 - 0x00007ffda19bf000 	C:\WINDOWS\System32\msvcp_win.dll
0x00007ffda2880000 - 0x00007ffda297a000 	C:\WINDOWS\System32\ucrtbase.dll
0x00007ffd8f840000 - 0x00007ffd8faa9000 	C:\WINDOWS\WinSxS\amd64_microsoft.windows.common-controls_6595b64144ccf1df_6.0.17134.472_none_fb3f9af53068156d\COMCTL32.dll
0x00007ffda4fa0000 - 0x00007ffda52c2000 	C:\WINDOWS\System32\combase.dll
0x00007ffda22c0000 - 0x00007ffda233a000 	C:\WINDOWS\System32\bcryptPrimitives.dll
0x00007ffda54f0000 - 0x00007ffda551d000 	C:\WINDOWS\System32\IMM32.DLL
0x0000000065090000 - 0x0000000065162000 	C:\Program Files\Android\Android Studio\jre\jre\bin\msvcr100.dll
0x0000000064370000 - 0x0000000064bbb000 	C:\Program Files\Android\Android Studio\jre\jre\bin\server\jvm.dll
0x00007ffda2a40000 - 0x00007ffda2a48000 	C:\WINDOWS\System32\PSAPI.DLL
0x00007ffd8a510000 - 0x00007ffd8a519000 	C:\WINDOWS\SYSTEM32\WSOCK32.dll
0x00007ffd9e080000 - 0x00007ffd9e0a3000 	C:\WINDOWS\SYSTEM32\WINMM.dll
0x00007ffda4380000 - 0x00007ffda43ec000 	C:\WINDOWS\System32\WS2_32.dll
0x00007ffd9d3d0000 - 0x00007ffd9d3da000 	C:\WINDOWS\SYSTEM32\VERSION.dll
0x00007ffd9e050000 - 0x00007ffd9e07a000 	C:\WINDOWS\SYSTEM32\WINMMBASE.dll
0x00007ffda19c0000 - 0x00007ffda1a09000 	C:\WINDOWS\System32\cfgmgr32.dll
0x00007ffd9cbf0000 - 0x00007ffd9cbff000 	C:\Program Files\Android\Android Studio\jre\jre\bin\verify.dll
0x00007ffd84640000 - 0x00007ffd84669000 	C:\Program Files\Android\Android Studio\jre\jre\bin\java.dll
0x00007ffd9cb60000 - 0x00007ffd9cb76000 	C:\Program Files\Android\Android Studio\jre\jre\bin\zip.dll
0x00007ffda2f40000 - 0x00007ffda4380000 	C:\WINDOWS\System32\SHELL32.dll
0x00007ffda4520000 - 0x00007ffda45c9000 	C:\WINDOWS\System32\shcore.dll
0x00007ffda1a10000 - 0x00007ffda211d000 	C:\WINDOWS\System32\windows.storage.dll
0x00007ffda52d0000 - 0x00007ffda5321000 	C:\WINDOWS\System32\shlwapi.dll
0x00007ffda1880000 - 0x00007ffda1891000 	C:\WINDOWS\System32\kernel.appcore.dll
0x00007ffda1860000 - 0x00007ffda187f000 	C:\WINDOWS\System32\profapi.dll
0x00007ffda18a0000 - 0x00007ffda18ec000 	C:\WINDOWS\System32\powrprof.dll
0x00007ffda18f0000 - 0x00007ffda18fa000 	C:\WINDOWS\System32\FLTLIB.DLL
0x00007ffd93e90000 - 0x00007ffd93eaa000 	C:\Program Files\Android\Android Studio\jre\jre\bin\net.dll
0x00007ffda10e0000 - 0x00007ffda1146000 	C:\WINDOWS\system32\mswsock.dll
0x00007ffd8e4f0000 - 0x00007ffd8e503000 	C:\Program Files\Android\Android Studio\jre\jre\bin\nio.dll
0x00007ffd7b070000 - 0x00007ffd7b096000 	C:\Users\avpc\.gradle\native\30\windows-amd64\native-platform.dll
0x00007ffd886b0000 - 0x00007ffd886bd000 	C:\Program Files\Android\Android Studio\jre\jre\bin\management.dll
0x00007ffda1290000 - 0x00007ffda12a7000 	C:\WINDOWS\SYSTEM32\CRYPTSP.dll
0x00007ffda0cc0000 - 0x00007ffda0cf3000 	C:\WINDOWS\system32\rsaenh.dll
0x00007ffda13c0000 - 0x00007ffda13e5000 	C:\WINDOWS\SYSTEM32\bcrypt.dll
0x00007ffda1790000 - 0x00007ffda17b8000 	C:\WINDOWS\SYSTEM32\USERENV.dll
0x00007ffda12b0000 - 0x00007ffda12bb000 	C:\WINDOWS\SYSTEM32\CRYPTBASE.dll
0x00007ffda0e60000 - 0x00007ffda0e98000 	C:\WINDOWS\SYSTEM32\IPHLPAPI.DLL
0x00007ffda48e0000 - 0x00007ffda48e8000 	C:\WINDOWS\System32\NSI.dll
0x00007ffd9a6b0000 - 0x00007ffd9a6c6000 	C:\WINDOWS\SYSTEM32\dhcpcsvc6.DLL
0x00007ffd97c10000 - 0x00007ffd97c2a000 	C:\WINDOWS\SYSTEM32\dhcpcsvc.DLL

VM Arguments:
jvm_args: -Xmx1536M -Dfile.encoding=windows-1252 -Duser.country=US -Duser.language=en -Duser.variant 
java_command: org.gradle.launcher.daemon.bootstrap.GradleDaemon 5.6.2
java_class_path (initial): C:\Users\avpc\.gradle\wrapper\dists\gradle-5.6.2-all\9st6wgf78h16so49nn74lgtbb\gradle-5.6.2\lib\gradle-launcher-5.6.2.jar
Launcher Type: SUN_STANDARD

Environment Variables:
JAVA_HOME=C:\Program Files\Android\Android Studio\jre
CLASSPATH=C:\Users\avpc\Desktop\akshati_from_laptop\11th_grade\CS@Mines\CS4Good\VSCode\mental_health_tracker\android\\gradle\wrapper\gradle-wrapper.jar
PATH=C:\Program Files (x86)\Common Files\Intel\Shared Libraries\redist\intel64\compiler;C:\Program Files (x86)\Common Files\Oracle\Java\javapath;C:\Program Files (x86)\Intel\iCLS Client\;C:\Program Files\Intel\iCLS Client\;C:\WINDOWS\system32;C:\WINDOWS;C:\WINDOWS\System32\Wbem;C:\WINDOWS\System32\WindowsPowerShell\v1.0\;C:\Program Files (x86)\Intel\Intel(R) Management Engine Components\DAL;C:\Program Files\Intel\Intel(R) Management Engine Components\DAL;C:\Program Files (x86)\Intel\Intel(R) Management Engine Components\IPT;C:\Program Files\Intel\Intel(R) Management Engine Components\IPT;C:\Program Files (x86)\Skype\Phone\;C:\Program Files\PuTTY\;C:\Program Files\Java\jdk1.7.0_80\bin;C:\Users\avpc\Desktop\Bhupendra\installed_software\apache-tomcat-8.0.32\bin;C:\Users\avpc\Desktop\Bhupendra\installed_software\apache-maven-3.5.4\bin;C:\Users\avpc\Desktop\Bhupendra\installed_software\apache-ant-1.9.9\bin;C:\WINDOWS\System32\OpenSSH\;C:\Program Files\Intel\WiFi\bin\;C:\Program Files\Common Files\Intel\WirelessCommon\;C:\Program Files (x86)\Windows Kits\8.1\Windows Performance Toolkit\;C:\Users\avpc\Desktop\akshati_from_laptop\software\flutter_windows_1.17.4-stable\flutter\bin;C:\Users\avpc\AppData\Local\Programs\Python\Python38-32\Scripts\;C:\Users\avpc\AppData\Local\Programs\Python\Python38-32\;C:\Users\avpc\AppData\Local\Microsoft\WindowsApps;C:\Users\avpc\AppData\Local\Microsoft\WindowsApps;;C:\Users\avpc\AppData\Local\Programs\Microsoft VS Code\bin;C:\Users\avpc\Desktop\akshati_from_laptop\software\flutter_windows_1.17.4-stable\flutter\bin\mingit\cmd
USERNAME=avpc
OS=Windows_NT
PROCESSOR_IDENTIFIER=Intel64 Family 6 Model 142 Stepping 9, GenuineIntel



---------------  S Y S T E M  ---------------

OS: Windows 10.0 , 64 bit Build 17134 (10.0.17134.1)

CPU:total 4 (initial active 4) (2 cores per cpu, 2 threads per core) family 6 model 142 stepping 9, cmov, cx8, fxsr, mmx, sse, sse2, sse3, ssse3, sse4.1, sse4.2, popcnt, avx, avx2, aes, clmul, erms, 3dnowpref, lzcnt, ht, tsc, tscinvbit, bmi1, bmi2, adx

Memory: 4k page, physical 12475716k(468708k free), swap 23736848k(6016k free)

vm_info: OpenJDK 64-Bit Server VM (25.242-b01) for windows-amd64 JRE (1.8.0_242-release-1644-b01), built by "builder" with MS VC++ 10.0 (VS2010)

time: Wed Jul 08 20:34:54 2020
timezone: Mountain Daylight Time
elapsed time: 10 seconds (0d 0h 0m 10s)

